Watching for file changes with StatReloader
E:\motorq\cfehome\settings.py changed, reloading.
Watching for file changes with StatReloader
Username: 1234567890
Password: securepassword
User: None
Unauthorized: /api/login/
E:\motorq\user\urls.py changed, reloading.
Watching for file changes with StatReloader
E:\motorq\user\urls.py changed, reloading.
Watching for file changes with StatReloader
E:\motorq\user\urls.py changed, reloading.
Watching for file changes with StatReloader
E:\motorq\user\urls.py changed, reloading.
Watching for file changes with StatReloader
E:\motorq\user\urls.py changed, reloading.
Watching for file changes with StatReloader
E:\motorq\user\urls.py changed, reloading.
Watching for file changes with StatReloader
E:\motorq\user\urls.py changed, reloading.
Watching for file changes with StatReloader
E:\motorq\user\urls.py changed, reloading.
Watching for file changes with StatReloader
E:\motorq\user\models.py changed, reloading.
Watching for file changes with StatReloader
Watching for file changes with StatReloader
Method Not Allowed: /api/signup/
Internal Server Error: /api/signup/
Traceback (most recent call last):
  File "E:\motorq\venv\lib\site-packages\django\db\backends\utils.py", line 89, in _execute
    return self.cursor.execute(sql, params)
  File "E:\motorq\venv\lib\site-packages\django\db\backends\sqlite3\base.py", line 477, in execute
    return Database.Cursor.execute(self, query, params)
sqlite3.OperationalError: no such table: auth_user

The above exception was the direct cause of the following exception:

Traceback (most recent call last):
  File "E:\motorq\venv\lib\site-packages\django\core\handlers\exception.py", line 56, in inner
    response = get_response(request)
  File "E:\motorq\venv\lib\site-packages\django\core\handlers\base.py", line 197, in _get_response
    response = wrapped_callback(request, *callback_args, **callback_kwargs)
  File "E:\motorq\venv\lib\site-packages\django\views\decorators\csrf.py", line 55, in wrapped_view
    return view_func(*args, **kwargs)
  File "E:\motorq\venv\lib\site-packages\django\views\generic\base.py", line 84, in view
    return self.dispatch(request, *args, **kwargs)
  File "E:\motorq\venv\lib\site-packages\rest_framework\views.py", line 509, in dispatch
    response = self.handle_exception(exc)
  File "E:\motorq\venv\lib\site-packages\rest_framework\views.py", line 469, in handle_exception
    self.raise_uncaught_exception(exc)
  File "E:\motorq\venv\lib\site-packages\rest_framework\views.py", line 480, in raise_uncaught_exception
    raise exc
  File "E:\motorq\venv\lib\site-packages\rest_framework\views.py", line 506, in dispatch
    response = handler(request, *args, **kwargs)
  File "E:\motorq\venv\lib\site-packages\rest_framework\decorators.py", line 50, in handler
    return func(*args, **kwargs)
  File "E:\motorq\user\signup_view.py", line 16, in user_signup
    user = User.objects.get(username=username)
  File "E:\motorq\venv\lib\site-packages\django\db\models\manager.py", line 85, in manager_method
    return getattr(self.get_queryset(), name)(*args, **kwargs)
  File "E:\motorq\venv\lib\site-packages\django\db\models\query.py", line 492, in get
    num = len(clone)
  File "E:\motorq\venv\lib\site-packages\django\db\models\query.py", line 302, in __len__
    self._fetch_all()
  File "E:\motorq\venv\lib\site-packages\django\db\models\query.py", line 1507, in _fetch_all
    self._result_cache = list(self._iterable_class(self))
  File "E:\motorq\venv\lib\site-packages\django\db\models\query.py", line 57, in __iter__
    results = compiler.execute_sql(
  File "E:\motorq\venv\lib\site-packages\django\db\models\sql\compiler.py", line 1361, in execute_sql
    cursor.execute(sql, params)
  File "E:\motorq\venv\lib\site-packages\django\db\backends\utils.py", line 102, in execute
    return super().execute(sql, params)
  File "E:\motorq\venv\lib\site-packages\django\db\backends\utils.py", line 67, in execute
    return self._execute_with_wrappers(
  File "E:\motorq\venv\lib\site-packages\django\db\backends\utils.py", line 80, in _execute_with_wrappers
    return executor(sql, params, many, context)
  File "E:\motorq\venv\lib\site-packages\django\db\backends\utils.py", line 84, in _execute
    with self.db.wrap_database_errors:
  File "E:\motorq\venv\lib\site-packages\django\db\utils.py", line 91, in __exit__
    raise dj_exc_value.with_traceback(traceback) from exc_value
  File "E:\motorq\venv\lib\site-packages\django\db\backends\utils.py", line 89, in _execute
    return self.cursor.execute(sql, params)
  File "E:\motorq\venv\lib\site-packages\django\db\backends\sqlite3\base.py", line 477, in execute
    return Database.Cursor.execute(self, query, params)
django.db.utils.OperationalError: no such table: auth_user
Not Found: /api/
Not Found: /api/
Not Found: /api/
Method Not Allowed: /api/signup/
Internal Server Error: /api/signup/
Traceback (most recent call last):
  File "E:\motorq\venv\lib\site-packages\django\db\backends\utils.py", line 89, in _execute
    return self.cursor.execute(sql, params)
  File "E:\motorq\venv\lib\site-packages\django\db\backends\sqlite3\base.py", line 477, in execute
    return Database.Cursor.execute(self, query, params)
sqlite3.OperationalError: no such table: auth_user

The above exception was the direct cause of the following exception:

Traceback (most recent call last):
  File "E:\motorq\venv\lib\site-packages\django\core\handlers\exception.py", line 56, in inner
    response = get_response(request)
  File "E:\motorq\venv\lib\site-packages\django\core\handlers\base.py", line 197, in _get_response
    response = wrapped_callback(request, *callback_args, **callback_kwargs)
  File "E:\motorq\venv\lib\site-packages\django\views\decorators\csrf.py", line 55, in wrapped_view
    return view_func(*args, **kwargs)
  File "E:\motorq\venv\lib\site-packages\django\views\generic\base.py", line 84, in view
    return self.dispatch(request, *args, **kwargs)
  File "E:\motorq\venv\lib\site-packages\rest_framework\views.py", line 509, in dispatch
    response = self.handle_exception(exc)
  File "E:\motorq\venv\lib\site-packages\rest_framework\views.py", line 469, in handle_exception
    self.raise_uncaught_exception(exc)
  File "E:\motorq\venv\lib\site-packages\rest_framework\views.py", line 480, in raise_uncaught_exception
    raise exc
  File "E:\motorq\venv\lib\site-packages\rest_framework\views.py", line 506, in dispatch
    response = handler(request, *args, **kwargs)
  File "E:\motorq\venv\lib\site-packages\rest_framework\decorators.py", line 50, in handler
    return func(*args, **kwargs)
  File "E:\motorq\user\signup_view.py", line 16, in user_signup
    user = User.objects.get(username=username)
  File "E:\motorq\venv\lib\site-packages\django\db\models\manager.py", line 85, in manager_method
    return getattr(self.get_queryset(), name)(*args, **kwargs)
  File "E:\motorq\venv\lib\site-packages\django\db\models\query.py", line 492, in get
    num = len(clone)
  File "E:\motorq\venv\lib\site-packages\django\db\models\query.py", line 302, in __len__
    self._fetch_all()
  File "E:\motorq\venv\lib\site-packages\django\db\models\query.py", line 1507, in _fetch_all
    self._result_cache = list(self._iterable_class(self))
  File "E:\motorq\venv\lib\site-packages\django\db\models\query.py", line 57, in __iter__
    results = compiler.execute_sql(
  File "E:\motorq\venv\lib\site-packages\django\db\models\sql\compiler.py", line 1361, in execute_sql
    cursor.execute(sql, params)
  File "E:\motorq\venv\lib\site-packages\django\db\backends\utils.py", line 102, in execute
    return super().execute(sql, params)
  File "E:\motorq\venv\lib\site-packages\django\db\backends\utils.py", line 67, in execute
    return self._execute_with_wrappers(
  File "E:\motorq\venv\lib\site-packages\django\db\backends\utils.py", line 80, in _execute_with_wrappers
    return executor(sql, params, many, context)
  File "E:\motorq\venv\lib\site-packages\django\db\backends\utils.py", line 84, in _execute
    with self.db.wrap_database_errors:
  File "E:\motorq\venv\lib\site-packages\django\db\utils.py", line 91, in __exit__
    raise dj_exc_value.with_traceback(traceback) from exc_value
  File "E:\motorq\venv\lib\site-packages\django\db\backends\utils.py", line 89, in _execute
    return self.cursor.execute(sql, params)
  File "E:\motorq\venv\lib\site-packages\django\db\backends\sqlite3\base.py", line 477, in execute
    return Database.Cursor.execute(self, query, params)
django.db.utils.OperationalError: no such table: auth_user
Method Not Allowed: /api/signup/
Internal Server Error: /api/signup/
Traceback (most recent call last):
  File "E:\motorq\venv\lib\site-packages\django\db\backends\utils.py", line 89, in _execute
    return self.cursor.execute(sql, params)
  File "E:\motorq\venv\lib\site-packages\django\db\backends\sqlite3\base.py", line 477, in execute
    return Database.Cursor.execute(self, query, params)
sqlite3.OperationalError: no such table: auth_user

The above exception was the direct cause of the following exception:

Traceback (most recent call last):
  File "E:\motorq\venv\lib\site-packages\django\core\handlers\exception.py", line 56, in inner
    response = get_response(request)
  File "E:\motorq\venv\lib\site-packages\django\core\handlers\base.py", line 197, in _get_response
    response = wrapped_callback(request, *callback_args, **callback_kwargs)
  File "E:\motorq\venv\lib\site-packages\django\views\decorators\csrf.py", line 55, in wrapped_view
    return view_func(*args, **kwargs)
  File "E:\motorq\venv\lib\site-packages\django\views\generic\base.py", line 84, in view
    return self.dispatch(request, *args, **kwargs)
  File "E:\motorq\venv\lib\site-packages\rest_framework\views.py", line 509, in dispatch
    response = self.handle_exception(exc)
  File "E:\motorq\venv\lib\site-packages\rest_framework\views.py", line 469, in handle_exception
    self.raise_uncaught_exception(exc)
  File "E:\motorq\venv\lib\site-packages\rest_framework\views.py", line 480, in raise_uncaught_exception
    raise exc
  File "E:\motorq\venv\lib\site-packages\rest_framework\views.py", line 506, in dispatch
    response = handler(request, *args, **kwargs)
  File "E:\motorq\venv\lib\site-packages\rest_framework\decorators.py", line 50, in handler
    return func(*args, **kwargs)
  File "E:\motorq\user\signup_view.py", line 16, in user_signup
    user = User.objects.get(username=username)
  File "E:\motorq\venv\lib\site-packages\django\db\models\manager.py", line 85, in manager_method
    return getattr(self.get_queryset(), name)(*args, **kwargs)
  File "E:\motorq\venv\lib\site-packages\django\db\models\query.py", line 492, in get
    num = len(clone)
  File "E:\motorq\venv\lib\site-packages\django\db\models\query.py", line 302, in __len__
    self._fetch_all()
  File "E:\motorq\venv\lib\site-packages\django\db\models\query.py", line 1507, in _fetch_all
    self._result_cache = list(self._iterable_class(self))
  File "E:\motorq\venv\lib\site-packages\django\db\models\query.py", line 57, in __iter__
    results = compiler.execute_sql(
  File "E:\motorq\venv\lib\site-packages\django\db\models\sql\compiler.py", line 1361, in execute_sql
    cursor.execute(sql, params)
  File "E:\motorq\venv\lib\site-packages\django\db\backends\utils.py", line 102, in execute
    return super().execute(sql, params)
  File "E:\motorq\venv\lib\site-packages\django\db\backends\utils.py", line 67, in execute
    return self._execute_with_wrappers(
  File "E:\motorq\venv\lib\site-packages\django\db\backends\utils.py", line 80, in _execute_with_wrappers
    return executor(sql, params, many, context)
  File "E:\motorq\venv\lib\site-packages\django\db\backends\utils.py", line 84, in _execute
    with self.db.wrap_database_errors:
  File "E:\motorq\venv\lib\site-packages\django\db\utils.py", line 91, in __exit__
    raise dj_exc_value.with_traceback(traceback) from exc_value
  File "E:\motorq\venv\lib\site-packages\django\db\backends\utils.py", line 89, in _execute
    return self.cursor.execute(sql, params)
  File "E:\motorq\venv\lib\site-packages\django\db\backends\sqlite3\base.py", line 477, in execute
    return Database.Cursor.execute(self, query, params)
django.db.utils.OperationalError: no such table: auth_user
Method Not Allowed: /api/signup/
Watching for file changes with StatReloader
Method Not Allowed: /api/signup/
Method Not Allowed: /api/signup/
Forbidden: /api/login/
Method Not Allowed: /api/login/
E:\motorq\user\signup_view.py changed, reloading.
Watching for file changes with StatReloader
E:\motorq\user\signup_view.py changed, reloading.
Watching for file changes with StatReloader
E:\motorq\user\signup_view.py changed, reloading.
Watching for file changes with StatReloader
E:\motorq\user\signup_view.py changed, reloading.
Watching for file changes with StatReloader
E:\motorq\user\signup_view.py changed, reloading.
Watching for file changes with StatReloader
E:\motorq\user\signup_view.py changed, reloading.
Watching for file changes with StatReloader
E:\motorq\user\signup_view.py changed, reloading.
Watching for file changes with StatReloader
E:\motorq\user\signup_view.py changed, reloading.
Watching for file changes with StatReloader
E:\motorq\user\signup_view.py changed, reloading.
Watching for file changes with StatReloader
E:\motorq\user\signup_view.py changed, reloading.
Watching for file changes with StatReloader
E:\motorq\user\signup_view.py changed, reloading.
Watching for file changes with StatReloader
E:\motorq\user\signup_view.py changed, reloading.
Watching for file changes with StatReloader
E:\motorq\user\signup_view.py changed, reloading.
Watching for file changes with StatReloader
E:\motorq\user\signup_view.py changed, reloading.
Watching for file changes with StatReloader
E:\motorq\user\signup_view.py changed, reloading.
Watching for file changes with StatReloader
E:\motorq\user\signup_view.py changed, reloading.
Watching for file changes with StatReloader
E:\motorq\user\signup_view.py changed, reloading.
Watching for file changes with StatReloader
E:\motorq\user\signup_view.py changed, reloading.
Watching for file changes with StatReloader
E:\motorq\user\signup_view.py changed, reloading.
Watching for file changes with StatReloader
E:\motorq\user\signup_view.py changed, reloading.
Watching for file changes with StatReloader
E:\motorq\user\signup_view.py changed, reloading.
Watching for file changes with StatReloader
E:\motorq\user\signup_view.py changed, reloading.
Watching for file changes with StatReloader
E:\motorq\user\signup_view.py changed, reloading.
Watching for file changes with StatReloader
E:\motorq\user\signup_view.py changed, reloading.
Watching for file changes with StatReloader
E:\motorq\user\signup_view.py changed, reloading.
Watching for file changes with StatReloader
E:\motorq\user\signup_view.py changed, reloading.
Watching for file changes with StatReloader
E:\motorq\user\signup_view.py changed, reloading.
Watching for file changes with StatReloader
E:\motorq\user\signup_view.py changed, reloading.
Watching for file changes with StatReloader
E:\motorq\user\signup_view.py changed, reloading.
Watching for file changes with StatReloader
E:\motorq\user\signup_view.py changed, reloading.
Watching for file changes with StatReloader
E:\motorq\user\signup_view.py changed, reloading.
Watching for file changes with StatReloader
E:\motorq\user\signup_view.py changed, reloading.
Watching for file changes with StatReloader
E:\motorq\user\signup_view.py changed, reloading.
Watching for file changes with StatReloader
E:\motorq\user\signup_view.py changed, reloading.
Watching for file changes with StatReloader
E:\motorq\user\signup_view.py changed, reloading.
Watching for file changes with StatReloader
E:\motorq\user\signup_view.py changed, reloading.
Watching for file changes with StatReloader
E:\motorq\user\signup_view.py changed, reloading.
Watching for file changes with StatReloader
E:\motorq\user\signup_view.py changed, reloading.
Watching for file changes with StatReloader
Method Not Allowed: /api/signup/
Bad Request: /api/signup/
Watching for file changes with StatReloader
Not Found: /api/document/
Not Found: /api/users/document/
E:\motorq\cfehome\urls.py changed, reloading.
Watching for file changes with StatReloader
E:\motorq\cfehome\urls.py changed, reloading.
Watching for file changes with StatReloader
E:\motorq\cfehome\urls.py changed, reloading.
Watching for file changes with StatReloader
Watching for file changes with StatReloader
Watching for file changes with StatReloader
Watching for file changes with StatReloader
Watching for file changes with StatReloader
Watching for file changes with StatReloader
Watching for file changes with StatReloader
Watching for file changes with StatReloader
Watching for file changes with StatReloader
Watching for file changes with StatReloader
E:\motorq\cfehome\settings.py changed, reloading.
Watching for file changes with StatReloader
E:\motorq\cfehome\settings.py changed, reloading.
Watching for file changes with StatReloader
Watching for file changes with StatReloader
Watching for file changes with StatReloader
Watching for file changes with StatReloader
E:\motorq\cfehome\settings.py changed, reloading.
Watching for file changes with StatReloader
E:\motorq\cfehome\settings.py changed, reloading.
Watching for file changes with StatReloader
E:\motorq\cfehome\settings.py changed, reloading.
Watching for file changes with StatReloader
E:\motorq\cfehome\settings.py changed, reloading.
Watching for file changes with StatReloader
E:\motorq\cfehome\settings.py changed, reloading.
Watching for file changes with StatReloader
E:\motorq\cfehome\settings.py changed, reloading.
Watching for file changes with StatReloader
E:\motorq\cfehome\settings.py changed, reloading.
Watching for file changes with StatReloader
Watching for file changes with StatReloader
Watching for file changes with StatReloader
Watching for file changes with StatReloader
E:\motorq\document\urls.py changed, reloading.
Watching for file changes with StatReloader
E:\motorq\document\urls.py changed, reloading.
Watching for file changes with StatReloader
E:\motorq\document\urls.py changed, reloading.
Watching for file changes with StatReloader
E:\motorq\document\urls.py changed, reloading.
Watching for file changes with StatReloader
E:\motorq\document\urls.py changed, reloading.
Watching for file changes with StatReloader
Watching for file changes with StatReloader
E:\motorq\document\urls.py changed, reloading.
Watching for file changes with StatReloader
Watching for file changes with StatReloader
Method Not Allowed: /document/
Bad Request: /document/
Not Found: /documents/document/
Not Found: /documents/document/
Method Not Allowed: /document/
Bad Request: /document/
Internal Server Error: /document/
Traceback (most recent call last):
  File "E:\motorq\venv\lib\site-packages\django\db\backends\utils.py", line 89, in _execute
    return self.cursor.execute(sql, params)
  File "E:\motorq\venv\lib\site-packages\django\db\backends\sqlite3\base.py", line 477, in execute
    return Database.Cursor.execute(self, query, params)
sqlite3.OperationalError: no such table: document_document

The above exception was the direct cause of the following exception:

Traceback (most recent call last):
  File "E:\motorq\venv\lib\site-packages\django\core\handlers\exception.py", line 56, in inner
    response = get_response(request)
  File "E:\motorq\venv\lib\site-packages\django\core\handlers\base.py", line 197, in _get_response
    response = wrapped_callback(request, *callback_args, **callback_kwargs)
  File "E:\motorq\venv\lib\site-packages\django\views\decorators\csrf.py", line 55, in wrapped_view
    return view_func(*args, **kwargs)
  File "E:\motorq\venv\lib\site-packages\django\views\generic\base.py", line 84, in view
    return self.dispatch(request, *args, **kwargs)
  File "E:\motorq\venv\lib\site-packages\rest_framework\views.py", line 509, in dispatch
    response = self.handle_exception(exc)
  File "E:\motorq\venv\lib\site-packages\rest_framework\views.py", line 469, in handle_exception
    self.raise_uncaught_exception(exc)
  File "E:\motorq\venv\lib\site-packages\rest_framework\views.py", line 480, in raise_uncaught_exception
    raise exc
  File "E:\motorq\venv\lib\site-packages\rest_framework\views.py", line 506, in dispatch
    response = handler(request, *args, **kwargs)
  File "E:\motorq\venv\lib\site-packages\rest_framework\decorators.py", line 50, in handler
    return func(*args, **kwargs)
  File "E:\motorq\document\views.py", line 23, in upload_document
    if Document.objects.filter(name=name, owner=user).exists():
  File "E:\motorq\venv\lib\site-packages\django\db\models\query.py", line 892, in exists
    return self.query.has_results(using=self.db)
  File "E:\motorq\venv\lib\site-packages\django\db\models\sql\query.py", line 589, in has_results
    return compiler.has_results()
  File "E:\motorq\venv\lib\site-packages\django\db\models\sql\compiler.py", line 1329, in has_results
    return bool(self.execute_sql(SINGLE))
  File "E:\motorq\venv\lib\site-packages\django\db\models\sql\compiler.py", line 1361, in execute_sql
    cursor.execute(sql, params)
  File "E:\motorq\venv\lib\site-packages\django\db\backends\utils.py", line 102, in execute
    return super().execute(sql, params)
  File "E:\motorq\venv\lib\site-packages\django\db\backends\utils.py", line 67, in execute
    return self._execute_with_wrappers(
  File "E:\motorq\venv\lib\site-packages\django\db\backends\utils.py", line 80, in _execute_with_wrappers
    return executor(sql, params, many, context)
  File "E:\motorq\venv\lib\site-packages\django\db\backends\utils.py", line 84, in _execute
    with self.db.wrap_database_errors:
  File "E:\motorq\venv\lib\site-packages\django\db\utils.py", line 91, in __exit__
    raise dj_exc_value.with_traceback(traceback) from exc_value
  File "E:\motorq\venv\lib\site-packages\django\db\backends\utils.py", line 89, in _execute
    return self.cursor.execute(sql, params)
  File "E:\motorq\venv\lib\site-packages\django\db\backends\sqlite3\base.py", line 477, in execute
    return Database.Cursor.execute(self, query, params)
django.db.utils.OperationalError: no such table: document_document
Watching for file changes with StatReloader
Method Not Allowed: /document/
Bad Request: /document/
E:\motorq\document\models.py changed, reloading.
Watching for file changes with StatReloader
E:\motorq\document\models.py changed, reloading.
Watching for file changes with StatReloader
E:\motorq\document\models.py changed, reloading.
Watching for file changes with StatReloader
E:\motorq\document\serializers.py changed, reloading.
Watching for file changes with StatReloader
E:\motorq\document\serializers.py changed, reloading.
Watching for file changes with StatReloader
E:\motorq\document\serializers.py changed, reloading.
Watching for file changes with StatReloader
E:\motorq\document\serializers.py changed, reloading.
Watching for file changes with StatReloader
E:\motorq\document\views.py changed, reloading.
Watching for file changes with StatReloader
E:\motorq\document\views.py changed, reloading.
Watching for file changes with StatReloader
E:\motorq\document\urls.py changed, reloading.
Watching for file changes with StatReloader
E:\motorq\document\urls.py changed, reloading.
Watching for file changes with StatReloader
E:\motorq\document\urls.py changed, reloading.
Watching for file changes with StatReloader
E:\motorq\document\urls.py changed, reloading.
Watching for file changes with StatReloader
E:\motorq\document\urls.py changed, reloading.
Watching for file changes with StatReloader
E:\motorq\document\urls.py changed, reloading.
Watching for file changes with StatReloader
E:\motorq\document\views.py changed, reloading.
Watching for file changes with StatReloader
E:\motorq\document\views.py changed, reloading.
Watching for file changes with StatReloader
E:\motorq\document\views.py changed, reloading.
Watching for file changes with StatReloader
E:\motorq\document\views.py changed, reloading.
Watching for file changes with StatReloader
E:\motorq\document\views.py changed, reloading.
Watching for file changes with StatReloader
E:\motorq\document\views.py changed, reloading.
Watching for file changes with StatReloader
E:\motorq\document\serializers.py changed, reloading.
Watching for file changes with StatReloader
E:\motorq\user\views.py changed, reloading.
Watching for file changes with StatReloader
E:\motorq\user\views.py changed, reloading.
Watching for file changes with StatReloader
E:\motorq\user\urls.py changed, reloading.
Watching for file changes with StatReloader
